TN:
SF:src\Components\feedSettings\childs\Titles.jsx
FN:4,Titles
FNF:1
FNH:1
FNDA:48,Titles
DA:5,48
LF:1
LH:1
BRF:0
BRH:0
end_of_record
TN:
SF:src\Components\profileSetting\Advanced\Advanced.jsx
FN:7,Advanced
FN:14,(anonymous_1)
FN:21,(anonymous_2)
FN:27,(anonymous_3)
FN:33,(anonymous_4)
FN:39,(anonymous_5)
FN:45,Toast
FNF:7
FNH:7
FNDA:16,Advanced
FNDA:6,(anonymous_1)
FNDA:1,(anonymous_2)
FNDA:1,(anonymous_3)
FNDA:1,(anonymous_4)
FNDA:1,(anonymous_5)
FNDA:4,Toast
DA:8,16
DA:9,16
DA:10,16
DA:11,16
DA:12,16
DA:14,16
DA:15,6
DA:16,6
DA:17,6
DA:18,6
DA:21,16
DA:22,1
DA:23,1
DA:24,1
DA:27,16
DA:28,1
DA:29,1
DA:30,1
DA:33,16
DA:34,1
DA:35,1
DA:36,1
DA:39,16
DA:40,1
DA:41,1
DA:42,1
DA:46,4
DA:54,16
LF:28
LH:28
BRF:0
BRH:0
end_of_record
