TN:
SF:mocks\fileMock.js
FNF:0
FNH:0
LF:0
LH:0
BRF:0
BRH:0
end_of_record
TN:
SF:src\Components\CommunitiesListing\CommunityHeader.jsx
FN:18,CommunityHeader
FN:27,Toast
FN:36,(anonymous_2)
FN:38,fetchAndSetData
FN:51,(anonymous_4)
FN:76,handleJoin
FN:85,handleUnJoin
FN:95,handleCreatePost
FNF:8
FNH:6
FNDA:13,CommunityHeader
FNDA:0,Toast
FNDA:8,(anonymous_2)
FNDA:8,fetchAndSetData
FNDA:2,(anonymous_4)
FNDA:1,handleJoin
FNDA:1,handleUnJoin
FNDA:0,handleCreatePost
DA:19,13
DA:20,12
DA:21,12
DA:22,12
DA:23,12
DA:24,12
DA:25,12
DA:28,0
DA:36,12
DA:37,8
DA:40,8
DA:50,8
DA:51,8
DA:52,2
DA:53,2
DA:54,2
DA:55,1
DA:58,1
DA:61,2
DA:62,0
DA:65,2
DA:73,8
DA:78,1
DA:79,1
DA:80,1
DA:82,0
DA:86,1
DA:87,1
DA:88,1
DA:91,0
DA:96,0
DA:97,0
DA:99,12
LF:33
LH:27
BRDA:50,0,0,8
BRDA:50,0,1,0
BRDA:52,1,0,2
BRDA:52,1,1,0
BRDA:54,2,0,1
BRDA:54,2,1,1
BRDA:61,3,0,0
BRDA:61,3,1,2
BRDA:79,4,0,1
BRDA:79,4,1,0
BRDA:87,5,0,1
BRDA:87,5,1,0
BRDA:101,6,0,1
BRDA:101,6,1,11
BRDA:115,7,0,1
BRDA:115,7,1,11
BRDA:120,8,0,2
BRDA:120,8,1,9
BRF:18
BRH:13
end_of_record
TN:
SF:src\Components\CommunitiesListing\Listing.jsx
FN:13,Listing
FN:16,List
FN:19,TopBy
FN:22,(anonymous_3)
FN:45,(anonymous_4)
FN:60,(anonymous_5)
FN:68,(anonymous_6)
FN:73,(anonymous_7)
FN:76,(anonymous_8)
FN:81,changeListValue
FN:90,changeSortTop
FN:149,(anonymous_11)
FN:150,(anonymous_12)
FN:153,(anonymous_13)
FN:154,(anonymous_14)
FN:163,(anonymous_15)
FN:164,(anonymous_16)
FN:166,(anonymous_17)
FN:167,(anonymous_18)
FNF:19
FNH:12
FNDA:21,Listing
FNDA:6,List
FNDA:1,TopBy
FNDA:13,(anonymous_3)
FNDA:7,(anonymous_4)
FNDA:5,(anonymous_5)
FNDA:0,(anonymous_6)
FNDA:0,(anonymous_7)
FNDA:0,(anonymous_8)
FNDA:5,changeListValue
FNDA:1,changeSortTop
FNDA:0,(anonymous_11)
FNDA:0,(anonymous_12)
FNDA:100,(anonymous_13)
FNDA:5,(anonymous_14)
FNDA:0,(anonymous_15)
FNDA:0,(anonymous_16)
FNDA:24,(anonymous_17)
FNDA:1,(anonymous_18)
DA:17,6
DA:20,1
DA:22,21
DA:23,13
DA:24,6
DA:26,6
DA:27,7
DA:28,7
DA:29,6
DA:36,21
DA:37,21
DA:38,21
DA:39,21
DA:40,21
DA:41,20
DA:42,20
DA:43,20
DA:45,20
DA:46,7
DA:48,7
DA:49,7
DA:50,7
DA:51,1
DA:55,0
DA:56,0
DA:60,20
DA:61,5
DA:62,5
DA:67,20
DA:68,0
DA:70,0
DA:71,0
DA:73,0
DA:74,0
DA:76,0
DA:77,0
DA:82,5
DA:83,5
DA:84,5
DA:85,0
DA:86,5
DA:87,5
DA:91,1
DA:92,1
DA:93,0
DA:94,0
DA:96,0
DA:99,1
DA:100,1
DA:101,0
DA:103,1
DA:107,0
DA:108,0
DA:109,0
DA:111,0
DA:115,0
DA:116,0
DA:117,0
DA:119,0
DA:123,0
DA:124,0
DA:125,0
DA:128,0
DA:133,0
DA:134,0
DA:136,0
DA:142,20
DA:150,0
DA:154,100
DA:164,0
DA:167,24
LF:71
LH:40
BRDA:23,0,0,6
BRDA:23,0,1,7
BRDA:28,1,0,6
BRDA:28,1,1,1
BRDA:48,2,0,7
BRDA:48,2,1,0
BRDA:50,3,0,1
BRDA:50,3,1,6
BRDA:55,4,0,0
BRDA:55,4,1,0
BRDA:61,5,0,5
BRDA:61,5,1,0
BRDA:67,6,0,0
BRDA:67,6,1,20
BRDA:84,7,0,0
BRDA:84,7,1,5
BRDA:86,8,0,5
BRDA:86,8,1,0
BRDA:92,9,0,0
BRDA:92,9,1,1
BRDA:93,10,0,0
BRDA:93,10,1,0
BRDA:99,11,0,1
BRDA:99,11,1,0
BRDA:100,12,0,0
BRDA:100,12,1,1
BRDA:107,13,0,0
BRDA:107,13,1,0
BRDA:108,14,0,0
BRDA:108,14,1,0
BRDA:115,15,0,0
BRDA:115,15,1,0
BRDA:116,16,0,0
BRDA:116,16,1,0
BRDA:123,17,0,0
BRDA:123,17,1,0
BRDA:124,18,0,0
BRDA:124,18,1,0
BRDA:133,19,0,0
BRDA:133,19,1,0
BRDA:149,20,0,20
BRDA:149,20,1,0
BRDA:153,21,0,20
BRDA:153,21,1,20
BRDA:159,22,0,20
BRDA:159,22,1,4
BRDA:163,23,0,4
BRDA:163,23,1,0
BRDA:166,24,0,4
BRDA:166,24,1,4
BRF:50
BRH:22
end_of_record
TN:
SF:src\Components\Create_Post\PostMethods.jsx
FN:13,PostMethods
FN:21,(anonymous_1)
FN:35,(anonymous_2)
FN:54,(anonymous_3)
FN:74,(anonymous_4)
FN:94,(anonymous_5)
FNF:6
FNH:6
FNDA:8,PostMethods
FNDA:4,(anonymous_1)
FNDA:1,(anonymous_2)
FNDA:1,(anonymous_3)
FNDA:1,(anonymous_4)
FNDA:1,(anonymous_5)
DA:15,8
DA:21,8
DA:22,4
DA:23,4
DA:26,8
DA:35,1
DA:54,1
DA:74,1
DA:94,1
LF:9
LH:9
BRDA:31,0,0,5
BRDA:31,0,1,3
BRDA:40,1,0,5
BRDA:40,1,1,3
BRDA:41,2,0,5
BRDA:41,2,1,3
BRDA:42,3,0,5
BRDA:42,3,1,3
BRDA:50,4,0,1
BRDA:50,4,1,7
BRDA:60,5,0,1
BRDA:60,5,1,7
BRDA:61,6,0,1
BRDA:61,6,1,7
BRDA:62,7,0,1
BRDA:62,7,1,7
BRDA:70,8,0,1
BRDA:70,8,1,7
BRDA:80,9,0,1
BRDA:80,9,1,7
BRDA:81,10,0,1
BRDA:81,10,1,7
BRDA:82,11,0,1
BRDA:82,11,1,7
BRDA:90,12,0,1
BRDA:90,12,1,7
BRDA:100,13,0,1
BRDA:100,13,1,7
BRDA:101,14,0,1
BRDA:101,14,1,7
BRDA:102,15,0,1
BRDA:102,15,1,7
BRF:32
BRH:32
end_of_record
TN:
SF:src\Components\Create_Post\Link_Section\Link.jsx
FN:11,Link
FN:14,(anonymous_1)
FNF:2
FNH:2
FNDA:3,Link
FNDA:1,(anonymous_1)
DA:12,3
DA:14,3
DA:15,1
DA:16,1
DA:17,1
DA:20,3
LF:6
LH:6
BRF:0
BRH:0
end_of_record
TN:
SF:src\Components\NotificationsSetting\Activity\Activity.jsx
FN:38,Activity
FN:48,(anonymous_1)
FN:58,Toast
FN:67,handleMentionChange
FN:73,handleCommentsChange
FN:79,handleUpvotesPostsChange
FN:86,handleUpvotesCommentsChange
FN:92,handleRepliesChange
FN:98,handleNewFollowersChange
FN:104,handlePostsFollowChange
FNF:10
FNH:10
FNDA:25,Activity
FNDA:9,(anonymous_1)
FNDA:7,Toast
FNDA:1,handleMentionChange
FNDA:1,handleCommentsChange
FNDA:1,handleUpvotesPostsChange
FNDA:1,handleUpvotesCommentsChange
FNDA:1,handleRepliesChange
FNDA:1,handleNewFollowersChange
FNDA:1,handlePostsFollowChange
DA:39,25
DA:40,25
DA:41,25
DA:42,25
DA:43,25
DA:44,25
DA:45,25
DA:46,25
DA:48,25
DA:49,9
DA:50,9
DA:51,9
DA:52,9
DA:53,9
DA:54,9
DA:55,9
DA:59,7
DA:68,1
DA:69,1
DA:70,1
DA:74,1
DA:75,1
DA:76,1
DA:80,1
DA:81,1
DA:82,1
DA:87,1
DA:88,1
DA:89,1
DA:93,1
DA:94,1
DA:95,1
DA:99,1
DA:100,1
DA:101,1
DA:105,1
DA:106,1
DA:107,1
DA:110,25
LF:39
LH:39
BRF:0
BRH:0
end_of_record
TN:
SF:src\Components\NotificationsSetting\Messages\Messages.jsx
FN:34,Messages
FN:40,(anonymous_1)
FN:46,Toast
FN:55,handlePrivateMessagesChange
FN:61,handleChatMessagesChange
FN:67,handleChatrequestChange
FNF:6
FNH:6
FNDA:13,Messages
FNDA:5,(anonymous_1)
FNDA:3,Toast
FNDA:1,handlePrivateMessagesChange
FNDA:1,handleChatMessagesChange
FNDA:1,handleChatrequestChange
DA:35,13
DA:36,13
DA:37,13
DA:38,13
DA:40,13
DA:41,5
DA:42,5
DA:43,5
DA:47,3
DA:56,1
DA:57,1
DA:58,1
DA:62,1
DA:63,1
DA:64,1
DA:68,1
DA:69,1
DA:70,1
DA:73,13
LF:19
LH:19
BRF:0
BRH:0
end_of_record
TN:
SF:src\Components\OpenChat\HeaderChatRight_Side\AboutDrawer\AboutDrawer.jsx
FN:25,AboutDrawer
FN:34,(anonymous_1)
FN:58,(anonymous_2)
FN:59,(anonymous_3)
FN:68,(anonymous_4)
FN:76,(anonymous_5)
FN:134,(anonymous_6)
FN:135,(anonymous_7)
FNF:8
FNH:4
FNDA:11,AboutDrawer
FNDA:2,(anonymous_1)
FNDA:1,(anonymous_2)
FNDA:1,(anonymous_3)
FNDA:0,(anonymous_4)
FNDA:0,(anonymous_5)
FNDA:0,(anonymous_6)
FNDA:0,(anonymous_7)
DA:26,11
DA:27,11
DA:28,11
DA:34,11
DA:35,2
DA:38,11
DA:58,1
DA:59,1
DA:68,0
DA:76,0
DA:134,0
DA:135,0
LF:12
LH:8
BRDA:66,0,0,11
BRDA:66,0,1,0
BRDA:74,1,0,0
BRDA:74,1,1,11
BRDA:81,2,0,11
BRDA:81,2,1,11
BRDA:112,3,0,11
BRDA:112,3,1,0
BRDA:156,4,0,2
BRDA:156,4,1,9
BRDA:157,5,0,2
BRDA:157,5,1,9
BRDA:161,6,0,2
BRDA:161,6,1,9
BRF:14
BRH:11
end_of_record
TN:
SF:src\Components\OpenChat\OpenChatComLeft_Side\OpenChatComLeft_Side.jsx
FN:31,OpenChatComLeftSide
FN:40,(anonymous_1)
FN:44,(anonymous_2)
FN:48,(anonymous_3)
FN:112,(anonymous_4)
FN:114,(anonymous_5)
FNF:6
FNH:2
FNDA:5,OpenChatComLeftSide
FNDA:0,(anonymous_1)
FNDA:0,(anonymous_2)
FNDA:0,(anonymous_3)
FNDA:3,(anonymous_4)
FNDA:0,(anonymous_5)
DA:32,5
DA:33,2
DA:35,3
DA:36,3
DA:37,3
DA:38,3
DA:40,3
DA:41,0
DA:44,3
DA:45,0
DA:48,3
DA:49,0
DA:52,3
DA:113,3
DA:114,0
LF:15
LH:11
BRDA:32,0,0,2
BRDA:32,0,1,3
BRDA:32,1,0,5
BRDA:32,1,1,3
BRDA:78,2,0,3
BRDA:78,2,1,0
BRDA:82,3,0,3
BRDA:82,3,1,0
BRDA:86,4,0,3
BRDA:86,4,1,0
BRDA:112,5,0,3
BRDA:112,5,1,3
BRDA:117,6,0,3
BRDA:117,6,1,1
BRDA:128,7,0,0
BRDA:128,7,1,3
BRF:16
BRH:12
end_of_record
TN:
SF:src\Components\Private_Messages\from_message\from_message.jsx
FN:33,FromMessage
FN:37,(anonymous_1)
FN:47,(anonymous_2)
FNF:3
FNH:3
FNDA:6,FromMessage
FNDA:2,(anonymous_1)
FNDA:12,(anonymous_2)
DA:34,6
DA:35,6
DA:37,6
DA:38,2
DA:39,2
DA:40,2
DA:43,6
DA:48,12
LF:8
LH:8
BRDA:38,0,0,2
BRDA:38,0,1,0
BRF:2
BRH:1
end_of_record
TN:
SF:src\Components\Private_Messages\message\message.jsx
FN:29,message
FN:31,(anonymous_1)
FNF:2
FNH:2
FNDA:3,message
FNDA:2,(anonymous_1)
DA:31,3
DA:32,2
DA:33,2
DA:36,3
LF:4
LH:4
BRF:0
BRH:0
end_of_record
TN:
SF:src\Components\Private_Messages\subject_message\subject_message.jsx
FN:29,subject_message
FN:31,(anonymous_1)
FNF:2
FNH:2
FNDA:3,subject_message
FNDA:2,(anonymous_1)
DA:31,3
DA:32,2
DA:33,2
DA:36,3
LF:4
LH:4
BRF:0
BRH:0
end_of_record
TN:
SF:src\Components\Private_Messages\to_message\to_message.jsx
FN:29,to_message
FN:31,(anonymous_1)
FNF:2
FNH:2
FNDA:3,to_message
FNDA:2,(anonymous_1)
DA:31,3
DA:32,2
DA:33,2
DA:36,3
LF:4
LH:4
BRF:0
BRH:0
end_of_record
TN:
SF:src\Components\Sent_Messages_Table\Sent_Messages_Table.jsx
FN:29,Sent_Messages
FN:34,(anonymous_1)
FN:35,(anonymous_2)
FN:36,(anonymous_3)
FN:114,(anonymous_4)
FN:120,(anonymous_5)
FNF:6
FNH:2
FNDA:6,Sent_Messages
FNDA:6,(anonymous_1)
FNDA:0,(anonymous_2)
FNDA:0,(anonymous_3)
FNDA:0,(anonymous_4)
FNDA:0,(anonymous_5)
DA:30,6
DA:31,6
DA:32,6
DA:33,6
DA:34,6
DA:35,6
DA:36,0
DA:103,6
DA:115,0
DA:120,0
LF:10
LH:7
BRDA:122,0,0,1
BRDA:122,0,1,5
BRDA:128,1,0,6
BRDA:128,1,1,6
BRF:4
BRH:4
end_of_record
TN:
SF:src\Components\feedSettings\childs\DropDown.jsx
FN:18,DropDown
FNF:1
FNH:1
FNDA:3,DropDown
DA:21,3
LF:1
LH:1
BRDA:25,0,0,3
BRDA:25,0,1,1
BRDA:27,1,0,3
BRDA:27,1,1,0
BRDA:33,2,0,3
BRDA:33,2,1,1
BRDA:40,3,0,3
BRDA:40,3,1,0
BRF:8
BRH:6
end_of_record
TN:
SF:src\Components\feedSettings\childs\Titles.jsx
FN:12,Titles
FNF:1
FNH:1
FNDA:270,Titles
DA:13,270
LF:1
LH:1
BRF:0
BRH:0
end_of_record
TN:
SF:src\Components\getTimeDifference\getTimeDifference.js
FN:1,getTimeDifference
FN:20,formatTimestamp
FN:31,formatDate
FN:37,formatDatewithDays
FN:51,getDaysDifferenceFromToday
FN:64,getPollTimeDifference
FN:85,getDaysCountdown
FN:88,(anonymous_7)
FN:88,(anonymous_8)
FN:95,(anonymous_9)
FNF:10
FNH:2
FNDA:6,getTimeDifference
FNDA:3,formatTimestamp
FNDA:0,formatDate
FNDA:0,formatDatewithDays
FNDA:0,getDaysDifferenceFromToday
FNDA:0,getPollTimeDifference
FNDA:0,getDaysCountdown
FNDA:0,(anonymous_7)
FNDA:0,(anonymous_8)
FNDA:0,(anonymous_9)
DA:2,6
DA:3,6
DA:4,6
DA:7,6
DA:9,6
DA:10,6
DA:11,0
DA:12,0
DA:13,0
DA:14,0
DA:16,0
DA:21,3
DA:22,3
DA:23,3
DA:24,3
DA:25,3
DA:26,3
DA:27,3
DA:28,3
DA:32,0
DA:33,0
DA:34,0
DA:38,0
DA:43,0
DA:44,0
DA:45,0
DA:46,0
DA:48,0
DA:52,0
DA:56,0
DA:57,0
DA:58,0
DA:59,0
DA:61,0
DA:65,0
DA:66,0
DA:67,0
DA:69,0
DA:71,0
DA:73,0
DA:74,0
DA:75,0
DA:76,0
DA:77,0
DA:78,0
DA:80,0
DA:86,0
DA:88,0
DA:89,0
DA:90,0
DA:91,0
DA:95,0
DA:96,0
DA:97,0
DA:98,0
DA:99,0
DA:101,0
DA:102,0
DA:103,0
DA:104,0
DA:105,0
DA:106,0
DA:108,0
DA:112,0
LF:64
LH:14
BRDA:9,0,0,6
BRDA:9,0,1,0
BRDA:11,1,0,0
BRDA:11,1,1,0
BRDA:13,2,0,0
BRDA:13,2,1,0
BRDA:24,3,0,3
BRDA:24,3,1,0
BRDA:26,4,0,3
BRDA:26,4,1,0
BRDA:27,5,0,2
BRDA:27,5,1,1
BRDA:73,6,0,0
BRDA:73,6,1,0
BRDA:75,7,0,0
BRDA:75,7,1,0
BRDA:77,8,0,0
BRDA:77,8,1,0
BRDA:90,9,0,0
BRDA:90,9,1,0
BRDA:101,10,0,0
BRDA:101,10,1,0
BRDA:103,11,0,0
BRDA:103,11,1,0
BRDA:105,12,0,0
BRDA:105,12,1,0
BRF:26
BRH:5
end_of_record
TN:
SF:src\Components\profileSetting\Advanced\Advanced.jsx
FN:12,Advanced
FN:19,(anonymous_1)
FN:26,(anonymous_2)
FN:32,(anonymous_3)
FN:38,(anonymous_4)
FN:44,(anonymous_5)
FN:50,Toast
FNF:7
FNH:7
FNDA:16,Advanced
FNDA:6,(anonymous_1)
FNDA:1,(anonymous_2)
FNDA:1,(anonymous_3)
FNDA:1,(anonymous_4)
FNDA:1,(anonymous_5)
FNDA:4,Toast
DA:13,16
DA:14,16
DA:15,16
DA:16,16
DA:17,16
DA:19,16
DA:20,6
DA:21,6
DA:22,6
DA:23,6
DA:26,16
DA:27,1
DA:28,1
DA:29,1
DA:32,16
DA:33,1
DA:34,1
DA:35,1
DA:38,16
DA:39,1
DA:40,1
DA:41,1
DA:44,16
DA:45,1
DA:46,1
DA:47,1
DA:51,4
DA:59,16
LF:28
LH:28
BRF:0
BRH:0
end_of_record
TN:
SF:src\Components\profileSetting\ProfileCategory\ProfileCategory.jsx
FN:12,ProfileCategory
FN:17,(anonymous_1)
FN:21,(anonymous_2)
FN:29,(anonymous_3)
FN:37,Toast
FN:54,(anonymous_5)
FN:58,(anonymous_6)
FN:64,(anonymous_7)
FNF:8
FNH:2
FNDA:4,ProfileCategory
FNDA:2,(anonymous_1)
FNDA:0,(anonymous_2)
FNDA:0,(anonymous_3)
FNDA:0,Toast
FNDA:0,(anonymous_5)
FNDA:0,(anonymous_6)
FNDA:0,(anonymous_7)
DA:13,4
DA:14,4
DA:15,4
DA:17,4
DA:18,2
DA:21,4
DA:22,0
DA:23,0
DA:25,0
DA:29,4
DA:30,0
DA:31,0
DA:32,0
DA:33,0
DA:38,0
DA:46,4
DA:54,0
DA:58,0
DA:64,0
LF:19
LH:8
BRDA:22,0,0,0
BRDA:22,0,1,0
BRF:2
BRH:0
end_of_record
TN:
SF:src\Components\profileSetting\Socialmodal\SocialMediaModal.jsx
FN:45,SocialMediaModal
FN:53,(anonymous_1)
FN:76,(anonymous_2)
FN:86,(anonymous_3)
FN:93,(anonymous_4)
FNF:5
FNH:1
FNDA:2,SocialMediaModal
FNDA:0,(anonymous_1)
FNDA:0,(anonymous_2)
FNDA:0,(anonymous_3)
FNDA:0,(anonymous_4)
DA:46,2
DA:47,2
DA:48,2
DA:49,2
DA:50,2
DA:51,2
DA:53,2
DA:54,0
DA:55,0
DA:58,0
DA:59,0
DA:61,0
DA:64,0
DA:65,0
DA:66,0
DA:67,0
DA:68,0
DA:69,0
DA:71,0
DA:76,2
DA:77,0
DA:78,0
DA:79,0
DA:80,0
DA:81,0
DA:83,0
DA:86,2
DA:87,0
DA:88,0
DA:90,0
DA:93,2
DA:94,0
DA:97,2
LF:33
LH:11
BRDA:54,0,0,0
BRDA:54,0,1,0
BRDA:54,1,0,0
BRDA:54,1,1,0
BRDA:59,2,0,0
BRDA:59,2,1,0
BRDA:61,3,0,0
BRDA:61,3,1,0
BRDA:64,4,0,0
BRDA:64,4,1,0
BRDA:64,5,0,0
BRDA:64,5,1,0
BRDA:78,6,0,0
BRDA:78,6,1,0
BRDA:80,7,0,0
BRDA:80,7,1,0
BRDA:83,8,0,0
BRDA:83,8,1,0
BRDA:87,9,0,0
BRDA:87,9,1,0
BRDA:87,10,0,0
BRDA:87,10,1,0
BRDA:116,11,0,0
BRDA:116,11,1,2
BRDA:125,12,0,2
BRDA:125,12,1,0
BRF:26
BRH:2
end_of_record
